Determining if the pthread_create exist failed with the following output:
Change Dir: /home/nvidia/driver_in_C++/CMakeFiles/CMakeTmp

Run Build Command:"/usr/bin/make" "cmTC_ba8dd/fast"
/usr/bin/make -f CMakeFiles/cmTC_ba8dd.dir/build.make CMakeFiles/cmTC_ba8dd.dir/build
make[1]: Entering directory '/home/nvidia/driver_in_C++/CMakeFiles/CMakeTmp'
Building C object CMakeFiles/cmTC_ba8dd.dir/CheckSymbolExists.c.o
/usr/bin/cc    -fPIC    -o CMakeFiles/cmTC_ba8dd.dir/CheckSymbolExists.c.o   -c /home/nvidia/driver_in_C++/CMakeFiles/CMakeTmp/CheckSymbolExists.c
Linking C executable cmTC_ba8dd
/usr/bin/cmake -E cmake_link_script CMakeFiles/cmTC_ba8dd.dir/link.txt --verbose=1
/usr/bin/cc  -fPIC     CMakeFiles/cmTC_ba8dd.dir/CheckSymbolExists.c.o  -o cmTC_ba8dd -rdynamic 
CMakeFiles/cmTC_ba8dd.dir/CheckSymbolExists.c.o: In function `main':
CheckSymbolExists.c:(.text+0x14): undefined reference to `pthread_create'
CheckSymbolExists.c:(.text+0x18): undefined reference to `pthread_create'
collect2: error: ld returned 1 exit status
CMakeFiles/cmTC_ba8dd.dir/build.make:97: recipe for target 'cmTC_ba8dd' failed
make[1]: *** [cmTC_ba8dd] Error 1
make[1]: Leaving directory '/home/nvidia/driver_in_C++/CMakeFiles/CMakeTmp'
Makefile:126: recipe for target 'cmTC_ba8dd/fast' failed
make: *** [cmTC_ba8dd/fast] Error 2

File /home/nvidia/driver_in_C++/CMakeFiles/CMakeTmp/CheckSymbolExists.c:
/* */
#include <pthread.h>

int main(int argc, char** argv)
{
  (void)argv;
#ifndef pthread_create
  return ((int*)(&pthread_create))[argc];
#else
  (void)argc;
  return 0;
#endif
}

Determining if the function pthread_create exists in the pthreads failed with the following output:
Change Dir: /home/nvidia/driver_in_C++/CMakeFiles/CMakeTmp

Run Build Command:"/usr/bin/make" "cmTC_e62b0/fast"
/usr/bin/make -f CMakeFiles/cmTC_e62b0.dir/build.make CMakeFiles/cmTC_e62b0.dir/build
make[1]: Entering directory '/home/nvidia/driver_in_C++/CMakeFiles/CMakeTmp'
Building C object CMakeFiles/cmTC_e62b0.dir/CheckFunctionExists.c.o
/usr/bin/cc    -fPIC -DCHECK_FUNCTION_EXISTS=pthread_create   -o CMakeFiles/cmTC_e62b0.dir/CheckFunctionExists.c.o   -c /usr/share/cmake-3.5/Modules/CheckFunctionExists.c
Linking C executable cmTC_e62b0
/usr/bin/cmake -E cmake_link_script CMakeFiles/cmTC_e62b0.dir/link.txt --verbose=1
/usr/bin/cc  -fPIC -DCHECK_FUNCTION_EXISTS=pthread_create    CMakeFiles/cmTC_e62b0.dir/CheckFunctionExists.c.o  -o cmTC_e62b0 -rdynamic -lpthreads 
/usr/bin/ld: cannot find -lpthreads
collect2: error: ld returned 1 exit status
CMakeFiles/cmTC_e62b0.dir/build.make:97: recipe for target 'cmTC_e62b0' failed
make[1]: *** [cmTC_e62b0] Error 1
make[1]: Leaving directory '/home/nvidia/driver_in_C++/CMakeFiles/CMakeTmp'
Makefile:126: recipe for target 'cmTC_e62b0/fast' failed
make: *** [cmTC_e62b0/fast] Error 2


